[Thu, 27. Feb 2020 05:46:12 UTC | ID 520074734193606657] michaeldai7: ¯\\_(ツ)\_/¯
[Thu, 27. Feb 2020 05:46:37 UTC | ID 520074734193606657] michaeldai7: list
[Thu, 27. Feb 2020 05:46:51 UTC | ID 520074734193606657] michaeldai7: help
[Thu, 27. Feb 2020 13:55:14 UTC | ID 520074734193606657] michaeldai7: worldborder
[Fri, 28. Feb 2020 03:54:07 UTC | ID 520074734193606657] michaeldai7: list
[Fri, 28. Feb 2020 03:56:21 UTC | ID 520074734193606657] michaeldai7: help
[Fri, 28. Feb 2020 03:57:09 UTC | ID 520074734193606657] michaeldai7: msg
[Fri, 28. Feb 2020 03:59:03 UTC | ID 520074734193606657] michaeldai7: boardcast test
[Fri, 28. Feb 2020 03:59:11 UTC | ID 520074734193606657] michaeldai7: /help
[Fri, 28. Feb 2020 03:59:21 UTC | ID 520074734193606657] michaeldai7: Minecraft
[Fri, 28. Feb 2020 03:59:36 UTC | ID 520074734193606657] michaeldai7: boardcast test
[Fri, 28. Feb 2020 03:59:42 UTC | ID 520074734193606657] michaeldai7: help
[Fri, 28. Feb 2020 04:00:23 UTC | ID 520074734193606657] michaeldai7: tps
[Fri, 28. Feb 2020 04:01:22 UTC | ID 520074734193606657] michaeldai7: publish
[Fri, 28. Feb 2020 04:01:36 UTC | ID 520074734193606657] michaeldai7: publish test
[Fri, 28. Feb 2020 17:22:45 UTC | ID 520074734193606657] michaeldai7: drop michaeldai7
[Fri, 28. Feb 2020 23:45:46 UTC | ID 520074734193606657] michaeldai7: wheater clear
[Fri, 28. Feb 2020 23:47:16 UTC | ID 520074734193606657] michaeldai7: /op michaeldai7
[Fri, 28. Feb 2020 23:58:10 UTC | ID 520074734193606657] michaeldai7: kick michaeldai7
[Sun, 1. Mar 2020 16:25:39 UTC | ID 520074734193606657] michaeldai7: seed
[Sun, 1. Mar 2020 16:26:03 UTC | ID 520074734193606657] michaeldai7: help
[Sun, 1. Mar 2020 16:26:20 UTC | ID 520074734193606657] michaeldai7: help 2
[Sun, 1. Mar 2020 16:26:43 UTC | ID 520074734193606657] michaeldai7: banlist
[Sun, 1. Mar 2020 16:27:05 UTC | ID 520074734193606657] michaeldai7: version
[Sun, 1. Mar 2020 20:33:32 UTC | ID 520074734193606657] michaeldai7: seed
[Mon, 2. Mar 2020 21:38:25 UTC | ID 520074734193606657] michaeldai7: seed
[Mon, 2. Mar 2020 21:55:00 UTC | ID 520074734193606657] michaeldai7: time set night
[Mon, 2. Mar 2020 21:58:47 UTC | ID 520074734193606657] michaeldai7: time set day
[Tue, 3. Mar 2020 02:48:14 UTC | ID 520074734193606657] michaeldai7: gamemode michaeldai7 spectator
[Tue, 3. Mar 2020 02:49:14 UTC | ID 520074734193606657] michaeldai7: gamemode spectator michaeldai7
[Tue, 3. Mar 2020 02:50:40 UTC | ID 520074734193606657] michaeldai7: gamemode survival michaeldai7
[Tue, 3. Mar 2020 02:55:46 UTC | ID 520074734193606657] michaeldai7: difficulty hard
[Wed, 4. Mar 2020 03:24:42 UTC | ID 520074734193606657] michaeldai7: fill 694 65 -337 682 98 -355 minecraft:air replace minecraft:water
[Wed, 4. Mar 2020 03:25:54 UTC | ID 520074734193606657] michaeldai7: fill 700 60 -350 700 100 -375 minecraft:air replace minecraft:water
[Wed, 4. Mar 2020 03:30:46 UTC | ID 520074734193606657] michaeldai7: fill 694 65 -337 682 98 -355 minecraft:air replace minecraft:water
[Wed, 4. Mar 2020 03:43:47 UTC | ID 520074734193606657] michaeldai7: fill 694 65 -337 682 98 -355 minecraft:birch_fence replace minecraft:birch_fence[waterlogged:false]
[Wed, 4. Mar 2020 03:44:32 UTC | ID 520074734193606657] michaeldai7: fill 694 65 -337 682 98 -355 minecraft:birch_fence replace minecraft:birch_fence[type:waterlogged:false]
[Wed, 4. Mar 2020 03:48:19 UTC | ID 520074734193606657] michaeldai7: fill 694 65 -337 682 98 -355 minecraft:birch_fence replace minecraft:birch_fence
[Wed, 4. Mar 2020 03:48:46 UTC | ID 520074734193606657] michaeldai7: fill 694 65 -337 682 98 -355 minecraft:air replace minecraft:water
[Wed, 4. Mar 2020 03:49:56 UTC | ID 520074734193606657] michaeldai7: fill 694 65 -337 682 98 -355 minecraft:birch_stairs replace minecraft:birch_stairs
[Wed, 4. Mar 2020 03:50:14 UTC | ID 520074734193606657] michaeldai7: fill 694 65 -337 682 98 -355 minecraft:air replace minecraft:water
[Wed, 4. Mar 2020 03:52:00 UTC | ID 520074734193606657] michaeldai7: fill 694 65 -337 682 98 -355 minecraft:ladder replace minecraft:ladder
[Wed, 4. Mar 2020 03:52:11 UTC | ID 520074734193606657] michaeldai7: fill 694 65 -337 682 98 -355 minecraft:air replace minecraft:water
[Wed, 4. Mar 2020 03:52:47 UTC | ID 520074734193606657] michaeldai7: fill 694 65 -337 682 98 -355 minecraft:oak_stairs replace minecraft:birch_stairs
[Wed, 4. Mar 2020 04:00:37 UTC | ID 520074734193606657] michaeldai7: fill 679 72 -58 691 98 -346 minecraft:air replace minecraft:water
[Wed, 4. Mar 2020 04:01:03 UTC | ID 520074734193606657] michaeldai7: fill 679 72 -358 691 98 -346 minecraft:air replace minecraft:water
[Wed, 4. Mar 2020 04:03:57 UTC | ID 520074734193606657] michaeldai7: summon cat
[Wed, 4. Mar 2020 04:04:20 UTC | ID 520074734193606657] michaeldai7: summon cat michaeldai7
[Wed, 4. Mar 2020 04:08:43 UTC | ID 520074734193606657] michaeldai7: summon cat 691 98 -346
[Wed, 4. Mar 2020 04:27:05 UTC | ID 520074734193606657] michaeldai7: gamerule doFireTick false
[Thu, 5. Mar 2020 02:07:39 UTC | ID 520074734193606657] michaeldai7: time set day
[Thu, 5. Mar 2020 02:08:36 UTC | ID 520074734193606657] michaeldai7: weather clear
[Thu, 5. Mar 2020 02:10:03 UTC | ID 520074734193606657] michaeldai7: tp @a -389 70 -87
[Thu, 5. Mar 2020 02:11:58 UTC | ID 520074734193606657] michaeldai7: tp @a -389 70 -87
[Thu, 5. Mar 2020 02:15:32 UTC | ID 520074734193606657] michaeldai7: kick @a
[Sun, 8. Mar 2020 03:11:25 UTC | ID 520074734193606657] michaeldai7: /give michaeldai7 minecraft:player_head{display:{Name:"{\"text\":\"Apple Cake\"}"},SkullOwner:{Id:"b8d02749-07eb-44d4-9f86-b95446602b61",Properties:{textures:[{Value:"eyJ0ZXh0dXJlcyI6eyJTS0lOIjp7InVybCI6Imh0dHA6Ly90ZXh0dXJlcy5taW5lY3JhZnQubmV0L3RleHR1cmUvZDA2MmQzNzEyMDFlNWFjYWFjZmU3N2U5ZmM0MTYwODU4MGI5Mzk3MDU0N2ZkMWYyZmI4MmU0NzQzNzQ4YTQzZiJ9fX0="}]}}} 1
[Sun, 8. Mar 2020 03:11:36 UTC | ID 520074734193606657] michaeldai7: give michaeldai7 minecraft:player_head{display:{Name:"{"text":"Apple Cake"}"},SkullOwner:{Id:"b8d02749-07eb-44d4-9f86-b95446602b61",Properties:{textures:[{Value:"eyJ0ZXh0dXJlcyI6eyJTS0lOIjp7InVybCI6Imh0dHA6Ly90ZXh0dXJlcy5taW5lY3JhZnQubmV0L3RleHR1cmUvZDA2MmQzNzEyMDFlNWFjYWFjZmU3N2U5ZmM0MTYwODU4MGI5Mzk3MDU0N2ZkMWYyZmI4MmU0NzQzNzQ4YTQzZiJ9fX0="}]}}} 1
[Tue, 10. Mar 2020 02:42:32 UTC | ID 520074734193606657] michaeldai7: stop
