#
# There is insufficient memory for the Java Runtime Environment to continue.
# Native memory allocation (mmap) failed to map 986513408 bytes for committing reserved memory.
# Possible reasons:
#   The system is out of physical RAM or swap space
#   The process is running with CompressedOops enabled, and the Java Heap may be blocking the growth of the native heap
# Possible solutions:
#   Reduce memory load on the system
#   Increase physical memory or swap space
#   Check if swap backing store is full
#   Decrease Java heap size (-Xmx/-Xms)
#   Decrease number of Java threads
#   Decrease Java thread stack sizes (-Xss)
#   Set larger code cache with -XX:ReservedCodeCacheSize=
# This output file may be truncated or incomplete.
#
#  Out of Memory Error (os_linux.cpp:2852), pid=6620, tid=6621
#
# JRE version:  (11.0.6+10) (build )
# Java VM: OpenJDK 64-Bit Server VM (11.0.6+10-post-Ubuntu-1ubuntu118.04.1, mixed mode, sharing, tiered, compressed oops, concurrent mark sweep gc, linux-amd64)
# Core dump will be written. Default location: Core dumps may be processed with "/usr/share/apport/apport %p %s %c %d %P" (or dumping to /root/minecraft/core.6620)
#

---------------  S U M M A R Y ------------

Command Line: -Xms1G -Xmx1G -XX:+UseConcMarkSweepGC spigot-1.14.4.jar

Host: Virtual CPU 82d9ed4018dd, 1 cores, 985M, Ubuntu 18.04.2 LTS
Time: Tue Mar 10 10:45:05 2020 CST elapsed time: 0 seconds (0d 0h 0m 0s)

---------------  T H R E A D  ---------------

Current thread (0x00007fa038014000):  JavaThread "Unknown thread" [_thread_in_vm, id=6621, stack(0x00007fa042985000,0x00007fa042a86000)]

Stack: [0x00007fa042985000,0x00007fa042a86000],  sp=0x00007fa042a842e0,  free space=1020k
Native frames: (J=compiled Java code, A=aot compiled Java code, j=interpreted, Vv=VM code, C=native code)
V  [libjvm.so+0xdefa33]
V  [libjvm.so+0xdf06bb]
V  [libjvm.so+0x6508a5]
V  [libjvm.so+0xbc94b2]
V  [libjvm.so+0xbc134f]
V  [libjvm.so+0xde6b8b]
V  [libjvm.so+0x7c1f59]
V  [libjvm.so+0x515de9]
V  [libjvm.so+0x617b9b]
V  [libjvm.so+0x7c2c46]
V  [libjvm.so+0x7ac40c]
V  [libjvm.so+0x5a91df]
V  [libjvm.so+0xdaa0a2]
V  [libjvm.so+0xdaa336]
V  [libjvm.so+0x817157]
V  [libjvm.so+0xd81ac7]
V  [libjvm.so+0x8d1671]  JNI_CreateJavaVM+0x51
C  [libjli.so+0x4a66]
C  [libjli.so+0x92cd]


---------------  P R O C E S S  ---------------

Threads class SMR info:
_java_thread_list=0x000055ae20b49320, length=0, elements={
}

Java Threads: ( => current thread )

Other Threads:
  0x00007fa038028000 GCTaskThread "GC Thread#0" [stack: 0x00007fa03e95c000,0x00007fa03ea5c000] [id=6622]

=>0x00007fa038014000 (exited) JavaThread "Unknown thread" [_thread_in_vm, id=6621, stack(0x00007fa042985000,0x00007fa042a86000)]

Threads with active compile tasks:

VM state:not at safepoint (not fully initialized)

VM Mutex/Monitor currently owned by a thread: None

Heap address: 0x00000000c0000000, size: 1024 MB, Compressed Oops mode: Non-zero based: 0x00000000c0000000
Narrow klass base: 0x0000000000000000, Narrow klass shift: 0

GC Heap History (0 events):
No events

Deoptimization events (0 events):
No events

Classes redefined (0 events):
No events

Internal exceptions (0 events):
No events

Events (3 events):
Event: 0.005 Protecting memory [0x00007fa042985000,0x00007fa042989000] with protection modes 0
Event: 0.006 Loaded shared library /usr/lib/jvm/java-11-openjdk-amd64/lib/libzip.so
Event: 0.006 Loaded shared library /usr/lib/jvm/java-11-openjdk-amd64/lib/libjimage.so


Dynamic libraries:
c0000000-c5330000 rw-p 00000000 00:00 0 
55ae20106000-55ae20107000 r-xp 00000000 fc:01 384442                     /usr/lib/jvm/java-11-openjdk-amd64/bin/java
55ae20307000-55ae20308000 r--p 00001000 fc:01 384442                     /usr/lib/jvm/java-11-openjdk-amd64/bin/java
55ae20308000-55ae20309000 rw-p 00002000 fc:01 384442                     /usr/lib/jvm/java-11-openjdk-amd64/bin/java
55ae20b31000-55ae20b52000 rw-p 00000000 00:00 0                          [heap]
7fa01c000000-7fa01c021000 rw-p 00000000 00:00 0 
7fa01c021000-7fa020000000 ---p 00000000 00:00 0 
7fa020910000-7fa020b80000 rwxp 00000000 00:00 0 
7fa020b80000-7fa020e9f000 ---p 00000000 00:00 0 
7fa020e9f000-7fa02110f000 rwxp 00000000 00:00 0 
7fa02110f000-7fa0283d7000 ---p 00000000 00:00 0 
7fa0283d7000-7fa028647000 rwxp 00000000 00:00 0 
7fa028647000-7fa02f910000 ---p 00000000 00:00 0 
7fa02f910000-7fa038000000 r--s 00000000 fc:01 384606                     /usr/lib/jvm/java-11-openjdk-amd64/lib/modules
7fa038000000-7fa038035000 rw-p 00000000 00:00 0 
7fa038035000-7fa03c000000 ---p 00000000 00:00 0 
7fa03e658000-7fa03e783000 rw-p 00000000 00:00 0 
7fa03e783000-7fa03e959000 ---p 00000000 00:00 0 
7fa03e959000-7fa03e95a000 rw-p 00000000 00:00 0 
7fa03e95a000-7fa03e95b000 ---p 00000000 00:00 0 
7fa03e95b000-7fa03ea61000 rw-p 00000000 00:00 0 
7fa03ea61000-7fa03eb47000 ---p 00000000 00:00 0 
7fa03eb47000-7fa03eb4c000 rw-p 00000000 00:00 0 
7fa03eb4c000-7fa03ec32000 ---p 00000000 00:00 0 
7fa03ec32000-7fa03ec37000 r-xp 00000000 fc:01 384588                     /usr/lib/jvm/java-11-openjdk-amd64/lib/libjimage.so
7fa03ec37000-7fa03ee36000 ---p 00005000 fc:01 384588                     /usr/lib/jvm/java-11-openjdk-amd64/lib/libjimage.so
7fa03ee36000-7fa03ee37000 r--p 00004000 fc:01 384588                     /usr/lib/jvm/java-11-openjdk-amd64/lib/libjimage.so
7fa03ee37000-7fa03ee38000 rw-p 00005000 fc:01 384588                     /usr/lib/jvm/java-11-openjdk-amd64/lib/libjimage.so
7fa03ee38000-7fa03ee3f000 r-xp 00000000 fc:01 384605                     /usr/lib/jvm/java-11-openjdk-amd64/lib/libzip.so
7fa03ee3f000-7fa03f03e000 ---p 00007000 fc:01 384605                     /usr/lib/jvm/java-11-openjdk-amd64/lib/libzip.so
7fa03f03e000-7fa03f03f000 r--p 00006000 fc:01 384605                     /usr/lib/jvm/java-11-openjdk-amd64/lib/libzip.so
7fa03f03f000-7fa03f040000 rw-p 00007000 fc:01 384605                     /usr/lib/jvm/java-11-openjdk-amd64/lib/libzip.so
7fa03f040000-7fa03f04b000 r-xp 00000000 fc:01 1128                       /lib/x86_64-linux-gnu/libnss_files-2.27.so
7fa03f04b000-7fa03f24a000 ---p 0000b000 fc:01 1128                       /lib/x86_64-linux-gnu/libnss_files-2.27.so
7fa03f24a000-7fa03f24b000 r--p 0000a000 fc:01 1128                       /lib/x86_64-linux-gnu/libnss_files-2.27.so
7fa03f24b000-7fa03f24c000 rw-p 0000b000 fc:01 1128                       /lib/x86_64-linux-gnu/libnss_files-2.27.so
7fa03f24c000-7fa03f252000 rw-p 00000000 00:00 0 
7fa03f252000-7fa03f269000 r-xp 00000000 fc:01 1122                       /lib/x86_64-linux-gnu/libnsl-2.27.so
7fa03f269000-7fa03f468000 ---p 00017000 fc:01 1122                       /lib/x86_64-linux-gnu/libnsl-2.27.so
7fa03f468000-7fa03f469000 r--p 00016000 fc:01 1122                       /lib/x86_64-linux-gnu/libnsl-2.27.so
7fa03f469000-7fa03f46a000 rw-p 00017000 fc:01 1122                       /lib/x86_64-linux-gnu/libnsl-2.27.so
7fa03f46a000-7fa03f46c000 rw-p 00000000 00:00 0 
7fa03f46c000-7fa03f477000 r-xp 00000000 fc:01 1132                       /lib/x86_64-linux-gnu/libnss_nis-2.27.so
7fa03f477000-7fa03f676000 ---p 0000b000 fc:01 1132                       /lib/x86_64-linux-gnu/libnss_nis-2.27.so
7fa03f676000-7fa03f677000 r--p 0000a000 fc:01 1132                       /lib/x86_64-linux-gnu/libnss_nis-2.27.so
7fa03f677000-7fa03f678000 rw-p 0000b000 fc:01 1132                       /lib/x86_64-linux-gnu/libnss_nis-2.27.so
7fa03f678000-7fa03f680000 r-xp 00000000 fc:01 1124                       /lib/x86_64-linux-gnu/libnss_compat-2.27.so
7fa03f680000-7fa03f880000 ---p 00008000 fc:01 1124                       /lib/x86_64-linux-gnu/libnss_compat-2.27.so
7fa03f880000-7fa03f881000 r--p 00008000 fc:01 1124                       /lib/x86_64-linux-gnu/libnss_compat-2.27.so
7fa03f881000-7fa03f882000 rw-p 00009000 fc:01 1124                       /lib/x86_64-linux-gnu/libnss_compat-2.27.so
7fa03f882000-7fa03f8ab000 r-xp 00000000 fc:01 384584                     /usr/lib/jvm/java-11-openjdk-amd64/lib/libjava.so
7fa03f8ab000-7fa03faaa000 ---p 00029000 fc:01 384584                     /usr/lib/jvm/java-11-openjdk-amd64/lib/libjava.so
7fa03faaa000-7fa03faab000 r--p 00028000 fc:01 384584                     /usr/lib/jvm/java-11-openjdk-amd64/lib/libjava.so
7fa03faab000-7fa03faad000 rw-p 00029000 fc:01 384584                     /usr/lib/jvm/java-11-openjdk-amd64/lib/libjava.so
7fa03faad000-7fa03faba000 r-xp 00000000 fc:01 384604                     /usr/lib/jvm/java-11-openjdk-amd64/lib/libverify.so
7fa03faba000-7fa03fcb9000 ---p 0000d000 fc:01 384604                     /usr/lib/jvm/java-11-openjdk-amd64/lib/libverify.so
7fa03fcb9000-7fa03fcbb000 r--p 0000c000 fc:01 384604                     /usr/lib/jvm/java-11-openjdk-amd64/lib/libverify.so
7fa03fcbb000-7fa03fcbc000 rw-p 0000e000 fc:01 384604                     /usr/lib/jvm/java-11-openjdk-amd64/lib/libverify.so
7fa03fcbc000-7fa03fcc3000 r-xp 00000000 fc:01 1154                       /lib/x86_64-linux-gnu/librt-2.27.so
7fa03fcc3000-7fa03fec2000 ---p 00007000 fc:01 1154                       /lib/x86_64-linux-gnu/librt-2.27.so
7fa03fec2000-7fa03fec3000 r--p 00006000 fc:01 1154                       /lib/x86_64-linux-gnu/librt-2.27.so
7fa03fec3000-7fa03fec4000 rw-p 00007000 fc:01 1154                       /lib/x86_64-linux-gnu/librt-2.27.so
7fa03fec4000-7fa03fedb000 r-xp 00000000 fc:01 1282                       /lib/x86_64-linux-gnu/libgcc_s.so.1
7fa03fedb000-7fa0400da000 ---p 00017000 fc:01 1282                       /lib/x86_64-linux-gnu/libgcc_s.so.1
7fa0400da000-7fa0400db000 r--p 00016000 fc:01 1282                       /lib/x86_64-linux-gnu/libgcc_s.so.1
7fa0400db000-7fa0400dc000 rw-p 00017000 fc:01 1282                       /lib/x86_64-linux-gnu/libgcc_s.so.1
7fa0400dc000-7fa040279000 r-xp 00000000 fc:01 1107                       /lib/x86_64-linux-gnu/libm-2.27.so
7fa040279000-7fa040478000 ---p 0019d000 fc:01 1107                       /lib/x86_64-linux-gnu/libm-2.27.so
7fa040478000-7fa040479000 r--p 0019c000 fc:01 1107                       /lib/x86_64-linux-gnu/libm-2.27.so
7fa040479000-7fa04047a000 rw-p 0019d000 fc:01 1107                       /lib/x86_64-linux-gnu/libm-2.27.so
7fa04047a000-7fa0405f3000 r-xp 00000000 fc:01 1305                       /usr/lib/x86_64-linux-gnu/libstdc++.so.6.0.25
7fa0405f3000-7fa0407f3000 ---p 00179000 fc:01 1305                       /usr/lib/x86_64-linux-gnu/libstdc++.so.6.0.25
7fa0407f3000-7fa0407fd000 r--p 00179000 fc:01 1305                       /usr/lib/x86_64-linux-gnu/libstdc++.so.6.0.25
7fa0407fd000-7fa0407ff000 rw-p 00183000 fc:01 1305                       /usr/lib/x86_64-linux-gnu/libstdc++.so.6.0.25
7fa0407ff000-7fa040803000 rw-p 00000000 00:00 0 
7fa040803000-7fa0418dc000 r-xp 00000000 fc:01 384611                     /usr/lib/jvm/java-11-openjdk-amd64/lib/server/libjvm.so
7fa0418dc000-7fa041adb000 ---p 010d9000 fc:01 384611                     /usr/lib/jvm/java-11-openjdk-amd64/lib/server/libjvm.so
7fa041adb000-7fa041b98000 r--p 010d8000 fc:01 384611                     /usr/lib/jvm/java-11-openjdk-amd64/lib/server/libjvm.so
7fa041b98000-7fa041bd2000 rw-p 01195000 fc:01 384611                     /usr/lib/jvm/java-11-openjdk-amd64/lib/server/libjvm.so
7fa041bd2000-7fa041c28000 rw-p 00000000 00:00 0 
7fa041c28000-7fa041c42000 r-xp 00000000 fc:01 1148                       /lib/x86_64-linux-gnu/libpthread-2.27.so
7fa041c42000-7fa041e41000 ---p 0001a000 fc:01 1148                       /lib/x86_64-linux-gnu/libpthread-2.27.so
7fa041e41000-7fa041e42000 r--p 00019000 fc:01 1148                       /lib/x86_64-linux-gnu/libpthread-2.27.so
7fa041e42000-7fa041e43000 rw-p 0001a000 fc:01 1148                       /lib/x86_64-linux-gnu/libpthread-2.27.so
7fa041e43000-7fa041e47000 rw-p 00000000 00:00 0 
7fa041e47000-7fa041e4a000 r-xp 00000000 fc:01 1078                       /lib/x86_64-linux-gnu/libdl-2.27.so
7fa041e4a000-7fa042049000 ---p 00003000 fc:01 1078                       /lib/x86_64-linux-gnu/libdl-2.27.so
7fa042049000-7fa04204a000 r--p 00002000 fc:01 1078                       /lib/x86_64-linux-gnu/libdl-2.27.so
7fa04204a000-7fa04204b000 rw-p 00003000 fc:01 1078                       /lib/x86_64-linux-gnu/libdl-2.27.so
7fa04204b000-7fa042067000 r-xp 00000000 fc:01 1179                       /lib/x86_64-linux-gnu/libz.so.1.2.11
7fa042067000-7fa042266000 ---p 0001c000 fc:01 1179                       /lib/x86_64-linux-gnu/libz.so.1.2.11
7fa042266000-7fa042267000 r--p 0001b000 fc:01 1179                       /lib/x86_64-linux-gnu/libz.so.1.2.11
7fa042267000-7fa042268000 rw-p 0001c000 fc:01 1179                       /lib/x86_64-linux-gnu/libz.so.1.2.11
7fa042268000-7fa04244f000 r-xp 00000000 fc:01 1061                       /lib/x86_64-linux-gnu/libc-2.27.so
7fa04244f000-7fa04264f000 ---p 001e7000 fc:01 1061                       /lib/x86_64-linux-gnu/libc-2.27.so
7fa04264f000-7fa042653000 r--p 001e7000 fc:01 1061                       /lib/x86_64-linux-gnu/libc-2.27.so
7fa042653000-7fa042655000 rw-p 001eb000 fc:01 1061                       /lib/x86_64-linux-gnu/libc-2.27.so
7fa042655000-7fa042659000 rw-p 00000000 00:00 0 
7fa042659000-7fa042669000 r-xp 00000000 fc:01 384568                     /usr/lib/jvm/java-11-openjdk-amd64/lib/jli/libjli.so
7fa042669000-7fa042868000 ---p 00010000 fc:01 384568                     /usr/lib/jvm/java-11-openjdk-amd64/lib/jli/libjli.so
7fa042868000-7fa042869000 r--p 0000f000 fc:01 384568                     /usr/lib/jvm/java-11-openjdk-amd64/lib/jli/libjli.so
7fa042869000-7fa04286a000 rw-p 00010000 fc:01 384568                     /usr/lib/jvm/java-11-openjdk-amd64/lib/jli/libjli.so
7fa04286a000-7fa042891000 r-xp 00000000 fc:01 1037                       /lib/x86_64-linux-gnu/ld-2.27.so
7fa042971000-7fa042976000 rw-p 00000000 00:00 0 
7fa042976000-7fa04297d000 ---p 00000000 00:00 0 
7fa04297d000-7fa042985000 rw-s 00000000 fc:01 385001                     /tmp/hsperfdata_root/6620
7fa042985000-7fa042989000 ---p 00000000 00:00 0 
7fa042989000-7fa042a88000 rw-p 00000000 00:00 0 
7fa042a8d000-7fa042a8e000 ---p 00000000 00:00 0 
7fa042a8e000-7fa042a8f000 r--p 00000000 00:00 0 
7fa042a8f000-7fa042a91000 rw-p 00000000 00:00 0 
7fa042a91000-7fa042a92000 r--p 00027000 fc:01 1037                       /lib/x86_64-linux-gnu/ld-2.27.so
7fa042a92000-7fa042a93000 rw-p 00028000 fc:01 1037                       /lib/x86_64-linux-gnu/ld-2.27.so
7fa042a93000-7fa042a94000 rw-p 00000000 00:00 0 
7fff14461000-7fff14482000 rw-p 00000000 00:00 0                          [stack]
7fff144da000-7fff144dd000 r--p 00000000 00:00 0                          [vvar]
7fff144dd000-7fff144df000 r-xp 00000000 00:00 0                          [vdso]
ffffffffff600000-ffffffffff601000 r-xp 00000000 00:00 0                  [vsyscall]


VM Arguments:
jvm_args: -Xms1G -Xmx1G -XX:+UseConcMarkSweepGC 
java_command: spigot-1.14.4.jar
java_class_path (initial): spigot-1.14.4.jar
Launcher Type: SUN_STANDARD

[Global flags]
     intx CICompilerCount                          = 2                                         {product} {ergonomic}
   size_t InitialHeapSize                          = 1073741824                                {product} {command line}
   size_t MaxHeapSize                              = 1073741824                                {product} {command line}
   size_t MaxNewSize                               = 87228416                                  {product} {ergonomic}
    uintx MaxTenuringThreshold                     = 6                                         {product} {ergonomic}
   size_t MinHeapDeltaBytes                        = 196608                                    {product} {ergonomic}
   size_t NewSize                                  = 87228416                                  {product} {ergonomic}
    uintx NonNMethodCodeHeapSize                   = 5825164                                {pd product} {ergonomic}
    uintx NonProfiledCodeHeapSize                  = 122916538                              {pd product} {ergonomic}
   size_t OldSize                                  = 986513408                                 {product} {ergonomic}
    uintx ProfiledCodeHeapSize                     = 122916538                              {pd product} {ergonomic}
    uintx ReservedCodeCacheSize                    = 251658240                              {pd product} {ergonomic}
     bool SegmentedCodeCache                       = true                                      {product} {ergonomic}
     bool UseCompressedClassPointers               = true                                 {lp64_product} {ergonomic}
     bool UseCompressedOops                        = true                                 {lp64_product} {ergonomic}
     bool UseConcMarkSweepGC                       = true                                      {product} {command line}

Logging:
Log output configuration:
 #0: stdout all=warning uptime,level,tags
 #1: stderr all=off uptime,level,tags

Environment Variables:
PATH=/usr/local/sbin:/usr/local/bin:/usr/sbin:/usr/bin:/sbin:/bin:/usr/games:/usr/local/games:/snap/bin
SHELL=/bin/bash

Signal Handlers:
SIGSEGV: [libjvm.so+0xdf1470], sa_mask[0]=11111111011111111101111111111110, sa_flags=SA_RESTART|SA_SIGINFO
SIGBUS: [libjvm.so+0xdf1470], sa_mask[0]=11111111011111111101111111111110, sa_flags=SA_RESTART|SA_SIGINFO
SIGFPE: [libjvm.so+0xdf1470], sa_mask[0]=11111111011111111101111111111110, sa_flags=SA_RESTART|SA_SIGINFO
SIGPIPE: [libjvm.so+0xbc5560], sa_mask[0]=11111111011111111101111111111110, sa_flags=SA_RESTART|SA_SIGINFO
SIGXFSZ: [libjvm.so+0xbc5560], sa_mask[0]=11111111011111111101111111111110, sa_flags=SA_RESTART|SA_SIGINFO
SIGILL: [libjvm.so+0xdf1470], sa_mask[0]=11111111011111111101111111111110, sa_flags=SA_RESTART|SA_SIGINFO
SIGUSR2: [libjvm.so+0xbc5400], sa_mask[0]=00000000000000000000000000000000, sa_flags=SA_RESTART|SA_SIGINFO
SIGHUP: SIG_DFL, sa_mask[0]=00000000000000000000000000000000, sa_flags=none
SIGINT: SIG_DFL, sa_mask[0]=00000000000000000000000000000000, sa_flags=none
SIGTERM: SIG_DFL, sa_mask[0]=00000000000000000000000000000000, sa_flags=none
SIGQUIT: SIG_DFL, sa_mask[0]=00000000000000000000000000000000, sa_flags=none


---------------  S Y S T E M  ---------------

OS:DISTRIB_ID=Ubuntu
DISTRIB_RELEASE=18.04
DISTRIB_CODENAME=bionic
DISTRIB_DESCRIPTION="Ubuntu 18.04.2 LTS"
uname:Linux 4.15.0-36-generic #39-Ubuntu SMP Mon Sep 24 16:19:09 UTC 2018 x86_64
libc:glibc 2.27 NPTL 2.27 
rlimit: STACK 8192k, CORE 0k, NPROC 3701, NOFILE 1048576, AS infinity, DATA infinity, FSIZE infinity
load average:1.05 0.86 0.69

/proc/meminfo:
MemTotal:        1009040 kB
MemFree:           61756 kB
MemAvailable:      45780 kB
Buffers:            8236 kB
Cached:            81464 kB
SwapCached:        86000 kB
Active:           423484 kB
Inactive:         420776 kB
Active(anon):     375244 kB
Inactive(anon):   379496 kB
Active(file):      48240 kB
Inactive(file):    41280 kB
Unevictable:           0 kB
Mlocked:               0 kB
SwapTotal:       1048572 kB
SwapFree:         281352 kB
Dirty:               196 kB
Writeback:             0 kB
AnonPages:        668840 kB
Mapped:            52736 kB
Shmem:               160 kB
Slab:              58444 kB
SReclaimable:      20944 kB
SUnreclaim:        37500 kB
KernelStack:        2892 kB
PageTables:        11904 kB
NFS_Unstable:          0 kB
Bounce:                0 kB
WritebackTmp:          0 kB
CommitLimit:     1553092 kB
Committed_AS:    2250520 kB
VmallocTotal:   34359738367 kB
VmallocUsed:           0 kB
VmallocChunk:          0 kB
HardwareCorrupted:     0 kB
AnonHugePages:         0 kB
ShmemHugePages:        0 kB
ShmemPmdMapped:        0 kB
CmaTotal:              0 kB
CmaFree:               0 kB
HugePages_Total:       0
HugePages_Free:        0
HugePages_Rsvd:        0
HugePages_Surp:        0
Hugepagesize:       2048 kB
DirectMap4k:      227184 kB
DirectMap2M:      821248 kB
DirectMap1G:           0 kB


/proc/sys/kernel/threads-max (system-wide limit on the number of threads):
7402


/proc/sys/vm/max_map_count (maximum number of memory map areas a process may have):
65530


/proc/sys/kernel/pid_max (system-wide limit on number of process identifiers):
32768



container (cgroup) information:
container_type: cgroupv1
cpu_cpuset_cpus: 0
cpu_memory_nodes: 0
active_processor_count: 1
cpu_quota: -1
cpu_period: 100000
cpu_shares: -1
memory_limit_in_bytes: -1
memory_and_swap_limit_in_bytes: -2
memory_soft_limit_in_bytes: -1
memory_usage_in_bytes: 815423488
memory_max_usage_in_bytes: 889106432

KVM virtualization detected
Steal ticks since vm start: 0
Steal ticks percentage since vm start:  0.000

CPU:total 1 (initial active 1) (1 cores per cpu, 1 threads per core) family 6 model 85 stepping 4, cmov, cx8, fxsr, mmx, sse, sse2, sse3, ssse3, sse4.1, sse4.2, popcnt, avx, avx2, aes, clmul, erms, rtm, lzcnt, tsc, bmi1, bmi2, fma
CPU Model and flags from /proc/cpuinfo:
model name	: Virtual CPU 82d9ed4018dd
flags		: fpu vme de pse tsc msr pae mce cx8 apic sep mtrr pge mca cmov pat pse36 clflush mmx fxsr sse sse2 syscall nx pdpe1gb rdtscp lm constant_tsc rep_good nopl xtopology cpuid pni pclmulqdq ssse3 fma cx16 pcid sse4_1 sse4_2 x2apic movbe popcnt tsc_deadline_timer aes xsave avx f16c rdrand hypervisor lahf_lm abm cpuid_fault invpcid_single pti fsgsbase bmi1 hle avx2 smep bmi2 erms invpcid rtm avx512f avx512dq clwb avx512cd avx512bw avx512vl xsaveopt arat

Memory: 4k page, physical 1009040k(61756k free), swap 1048572k(281352k free)

vm_info: OpenJDK 64-Bit Server VM (11.0.6+10-post-Ubuntu-1ubuntu118.04.1) for linux-amd64 JRE (11.0.6+10-post-Ubuntu-1ubuntu118.04.1), built on Jan 15 2020 15:14:00 by "unknown" with gcc 7.4.0

END.
