#
# There is insufficient memory for the Java Runtime Environment to continue.
# Native memory allocation (mmap) failed to map 986513408 bytes for committing reserved memory.
# Possible reasons:
#   The system is out of physical RAM or swap space
#   The process is running with CompressedOops enabled, and the Java Heap may be blocking the growth of the native heap
# Possible solutions:
#   Reduce memory load on the system
#   Increase physical memory or swap space
#   Check if swap backing store is full
#   Decrease Java heap size (-Xmx/-Xms)
#   Decrease number of Java threads
#   Decrease Java thread stack sizes (-Xss)
#   Set larger code cache with -XX:ReservedCodeCacheSize=
# This output file may be truncated or incomplete.
#
#  Out of Memory Error (os_linux.cpp:2852), pid=6885, tid=6886
#
# JRE version:  (11.0.6+10) (build )
# Java VM: OpenJDK 64-Bit Server VM (11.0.6+10-post-Ubuntu-1ubuntu118.04.1, mixed mode, sharing, tiered, compressed oops, concurrent mark sweep gc, linux-amd64)
# Core dump will be written. Default location: Core dumps may be processed with "/usr/share/apport/apport %p %s %c %d %P" (or dumping to /root/minecraft/core.6885)
#

---------------  S U M M A R Y ------------

Command Line: -Xms1G -Xmx1G -XX:+UseConcMarkSweepGC spigot-1.14.4.jar

Host: Virtual CPU 82d9ed4018dd, 1 cores, 985M, Ubuntu 18.04.2 LTS
Time: Tue Mar 10 10:52:46 2020 CST elapsed time: 0 seconds (0d 0h 0m 0s)

---------------  T H R E A D  ---------------

Current thread (0x00007efec0014000):  JavaThread "Unknown thread" [_thread_in_vm, id=6886, stack(0x00007efec719b000,0x00007efec729c000)]

Stack: [0x00007efec719b000,0x00007efec729c000],  sp=0x00007efec729a2e0,  free space=1020k
Native frames: (J=compiled Java code, A=aot compiled Java code, j=interpreted, Vv=VM code, C=native code)
V  [libjvm.so+0xdefa33]
V  [libjvm.so+0xdf06bb]
V  [libjvm.so+0x6508a5]
V  [libjvm.so+0xbc94b2]
V  [libjvm.so+0xbc134f]
V  [libjvm.so+0xde6b8b]
V  [libjvm.so+0x7c1f59]
V  [libjvm.so+0x515de9]
V  [libjvm.so+0x617b9b]
V  [libjvm.so+0x7c2c46]
V  [libjvm.so+0x7ac40c]
V  [libjvm.so+0x5a91df]
V  [libjvm.so+0xdaa0a2]
V  [libjvm.so+0xdaa336]
V  [libjvm.so+0x817157]
V  [libjvm.so+0xd81ac7]
V  [libjvm.so+0x8d1671]  JNI_CreateJavaVM+0x51
C  [libjli.so+0x4a66]
C  [libjli.so+0x92cd]


---------------  P R O C E S S  ---------------

Threads class SMR info:
_java_thread_list=0x000055c48b43f320, length=0, elements={
}

Java Threads: ( => current thread )

Other Threads:
  0x00007efec0028000 GCTaskThread "GC Thread#0" [stack: 0x00007efea79ea000,0x00007efea7aea000] [id=6887]

=>0x00007efec0014000 (exited) JavaThread "Unknown thread" [_thread_in_vm, id=6886, stack(0x00007efec719b000,0x00007efec729c000)]

Threads with active compile tasks:

VM state:not at safepoint (not fully initialized)

VM Mutex/Monitor currently owned by a thread: None

Heap address: 0x00000000c0000000, size: 1024 MB, Compressed Oops mode: Non-zero based: 0x00000000c0000000
Narrow klass base: 0x0000000000000000, Narrow klass shift: 0

GC Heap History (0 events):
No events

Deoptimization events (0 events):
No events

Classes redefined (0 events):
No events

Internal exceptions (0 events):
No events

Events (3 events):
Event: 0.003 Protecting memory [0x00007efec719b000,0x00007efec719f000] with protection modes 0
Event: 0.004 Loaded shared library /usr/lib/jvm/java-11-openjdk-amd64/lib/libzip.so
Event: 0.004 Loaded shared library /usr/lib/jvm/java-11-openjdk-amd64/lib/libjimage.so


Dynamic libraries:
c0000000-c5330000 rw-p 00000000 00:00 0 
55c48aa52000-55c48aa53000 r-xp 00000000 fc:01 384442                     /usr/lib/jvm/java-11-openjdk-amd64/bin/java
55c48ac53000-55c48ac54000 r--p 00001000 fc:01 384442                     /usr/lib/jvm/java-11-openjdk-amd64/bin/java
55c48ac54000-55c48ac55000 rw-p 00002000 fc:01 384442                     /usr/lib/jvm/java-11-openjdk-amd64/bin/java
55c48b427000-55c48b448000 rw-p 00000000 00:00 0                          [heap]
7efea0000000-7efea0021000 rw-p 00000000 00:00 0 
7efea0021000-7efea4000000 ---p 00000000 00:00 0 
7efea76e6000-7efea7811000 rw-p 00000000 00:00 0 
7efea7811000-7efea79e7000 ---p 00000000 00:00 0 
7efea79e7000-7efea79e8000 rw-p 00000000 00:00 0 
7efea79e8000-7efea79e9000 ---p 00000000 00:00 0 
7efea79e9000-7efea7aef000 rw-p 00000000 00:00 0 
7efea7aef000-7efea7bd5000 ---p 00000000 00:00 0 
7efea7bd5000-7efea7bda000 rw-p 00000000 00:00 0 
7efea7bda000-7efea7cc0000 ---p 00000000 00:00 0 
7efea7cc0000-7efea7f30000 rwxp 00000000 00:00 0 
7efea7f30000-7efea824f000 ---p 00000000 00:00 0 
7efea824f000-7efea84bf000 rwxp 00000000 00:00 0 
7efea84bf000-7efeaf787000 ---p 00000000 00:00 0 
7efeaf787000-7efeaf9f7000 rwxp 00000000 00:00 0 
7efeaf9f7000-7efeb6cc0000 ---p 00000000 00:00 0 
7efeb6cc0000-7efebf3b0000 r--s 00000000 fc:01 384606                     /usr/lib/jvm/java-11-openjdk-amd64/lib/modules
7efebf3b0000-7efebf3b5000 r-xp 00000000 fc:01 384588                     /usr/lib/jvm/java-11-openjdk-amd64/lib/libjimage.so
7efebf3b5000-7efebf5b4000 ---p 00005000 fc:01 384588                     /usr/lib/jvm/java-11-openjdk-amd64/lib/libjimage.so
7efebf5b4000-7efebf5b5000 r--p 00004000 fc:01 384588                     /usr/lib/jvm/java-11-openjdk-amd64/lib/libjimage.so
7efebf5b5000-7efebf5b6000 rw-p 00005000 fc:01 384588                     /usr/lib/jvm/java-11-openjdk-amd64/lib/libjimage.so
7efebf5b6000-7efebf5bd000 r-xp 00000000 fc:01 384605                     /usr/lib/jvm/java-11-openjdk-amd64/lib/libzip.so
7efebf5bd000-7efebf7bc000 ---p 00007000 fc:01 384605                     /usr/lib/jvm/java-11-openjdk-amd64/lib/libzip.so
7efebf7bc000-7efebf7bd000 r--p 00006000 fc:01 384605                     /usr/lib/jvm/java-11-openjdk-amd64/lib/libzip.so
7efebf7bd000-7efebf7be000 rw-p 00007000 fc:01 384605                     /usr/lib/jvm/java-11-openjdk-amd64/lib/libzip.so
7efebf7be000-7efebf7c9000 r-xp 00000000 fc:01 1128                       /lib/x86_64-linux-gnu/libnss_files-2.27.so
7efebf7c9000-7efebf9c8000 ---p 0000b000 fc:01 1128                       /lib/x86_64-linux-gnu/libnss_files-2.27.so
7efebf9c8000-7efebf9c9000 r--p 0000a000 fc:01 1128                       /lib/x86_64-linux-gnu/libnss_files-2.27.so
7efebf9c9000-7efebf9ca000 rw-p 0000b000 fc:01 1128                       /lib/x86_64-linux-gnu/libnss_files-2.27.so
7efebf9ca000-7efebf9d0000 rw-p 00000000 00:00 0 
7efebf9d0000-7efebf9e7000 r-xp 00000000 fc:01 1122                       /lib/x86_64-linux-gnu/libnsl-2.27.so
7efebf9e7000-7efebfbe6000 ---p 00017000 fc:01 1122                       /lib/x86_64-linux-gnu/libnsl-2.27.so
7efebfbe6000-7efebfbe7000 r--p 00016000 fc:01 1122                       /lib/x86_64-linux-gnu/libnsl-2.27.so
7efebfbe7000-7efebfbe8000 rw-p 00017000 fc:01 1122                       /lib/x86_64-linux-gnu/libnsl-2.27.so
7efebfbe8000-7efebfbea000 rw-p 00000000 00:00 0 
7efebfbea000-7efebfbf5000 r-xp 00000000 fc:01 1132                       /lib/x86_64-linux-gnu/libnss_nis-2.27.so
7efebfbf5000-7efebfdf4000 ---p 0000b000 fc:01 1132                       /lib/x86_64-linux-gnu/libnss_nis-2.27.so
7efebfdf4000-7efebfdf5000 r--p 0000a000 fc:01 1132                       /lib/x86_64-linux-gnu/libnss_nis-2.27.so
7efebfdf5000-7efebfdf6000 rw-p 0000b000 fc:01 1132                       /lib/x86_64-linux-gnu/libnss_nis-2.27.so
7efebfdf6000-7efebfdfe000 r-xp 00000000 fc:01 1124                       /lib/x86_64-linux-gnu/libnss_compat-2.27.so
7efebfdfe000-7efebfffe000 ---p 00008000 fc:01 1124                       /lib/x86_64-linux-gnu/libnss_compat-2.27.so
7efebfffe000-7efebffff000 r--p 00008000 fc:01 1124                       /lib/x86_64-linux-gnu/libnss_compat-2.27.so
7efebffff000-7efec0000000 rw-p 00009000 fc:01 1124                       /lib/x86_64-linux-gnu/libnss_compat-2.27.so
7efec0000000-7efec0035000 rw-p 00000000 00:00 0 
7efec0035000-7efec4000000 ---p 00000000 00:00 0 
7efec4098000-7efec40c1000 r-xp 00000000 fc:01 384584                     /usr/lib/jvm/java-11-openjdk-amd64/lib/libjava.so
7efec40c1000-7efec42c0000 ---p 00029000 fc:01 384584                     /usr/lib/jvm/java-11-openjdk-amd64/lib/libjava.so
7efec42c0000-7efec42c1000 r--p 00028000 fc:01 384584                     /usr/lib/jvm/java-11-openjdk-amd64/lib/libjava.so
7efec42c1000-7efec42c3000 rw-p 00029000 fc:01 384584                     /usr/lib/jvm/java-11-openjdk-amd64/lib/libjava.so
7efec42c3000-7efec42d0000 r-xp 00000000 fc:01 384604                     /usr/lib/jvm/java-11-openjdk-amd64/lib/libverify.so
7efec42d0000-7efec44cf000 ---p 0000d000 fc:01 384604                     /usr/lib/jvm/java-11-openjdk-amd64/lib/libverify.so
7efec44cf000-7efec44d1000 r--p 0000c000 fc:01 384604                     /usr/lib/jvm/java-11-openjdk-amd64/lib/libverify.so
7efec44d1000-7efec44d2000 rw-p 0000e000 fc:01 384604                     /usr/lib/jvm/java-11-openjdk-amd64/lib/libverify.so
7efec44d2000-7efec44d9000 r-xp 00000000 fc:01 1154                       /lib/x86_64-linux-gnu/librt-2.27.so
7efec44d9000-7efec46d8000 ---p 00007000 fc:01 1154                       /lib/x86_64-linux-gnu/librt-2.27.so
7efec46d8000-7efec46d9000 r--p 00006000 fc:01 1154                       /lib/x86_64-linux-gnu/librt-2.27.so
7efec46d9000-7efec46da000 rw-p 00007000 fc:01 1154                       /lib/x86_64-linux-gnu/librt-2.27.so
7efec46da000-7efec46f1000 r-xp 00000000 fc:01 1282                       /lib/x86_64-linux-gnu/libgcc_s.so.1
7efec46f1000-7efec48f0000 ---p 00017000 fc:01 1282                       /lib/x86_64-linux-gnu/libgcc_s.so.1
7efec48f0000-7efec48f1000 r--p 00016000 fc:01 1282                       /lib/x86_64-linux-gnu/libgcc_s.so.1
7efec48f1000-7efec48f2000 rw-p 00017000 fc:01 1282                       /lib/x86_64-linux-gnu/libgcc_s.so.1
7efec48f2000-7efec4a8f000 r-xp 00000000 fc:01 1107                       /lib/x86_64-linux-gnu/libm-2.27.so
7efec4a8f000-7efec4c8e000 ---p 0019d000 fc:01 1107                       /lib/x86_64-linux-gnu/libm-2.27.so
7efec4c8e000-7efec4c8f000 r--p 0019c000 fc:01 1107                       /lib/x86_64-linux-gnu/libm-2.27.so
7efec4c8f000-7efec4c90000 rw-p 0019d000 fc:01 1107                       /lib/x86_64-linux-gnu/libm-2.27.so
7efec4c90000-7efec4e09000 r-xp 00000000 fc:01 1305                       /usr/lib/x86_64-linux-gnu/libstdc++.so.6.0.25
7efec4e09000-7efec5009000 ---p 00179000 fc:01 1305                       /usr/lib/x86_64-linux-gnu/libstdc++.so.6.0.25
7efec5009000-7efec5013000 r--p 00179000 fc:01 1305                       /usr/lib/x86_64-linux-gnu/libstdc++.so.6.0.25
7efec5013000-7efec5015000 rw-p 00183000 fc:01 1305                       /usr/lib/x86_64-linux-gnu/libstdc++.so.6.0.25
7efec5015000-7efec5019000 rw-p 00000000 00:00 0 
7efec5019000-7efec60f2000 r-xp 00000000 fc:01 384611                     /usr/lib/jvm/java-11-openjdk-amd64/lib/server/libjvm.so
7efec60f2000-7efec62f1000 ---p 010d9000 fc:01 384611                     /usr/lib/jvm/java-11-openjdk-amd64/lib/server/libjvm.so
7efec62f1000-7efec63ae000 r--p 010d8000 fc:01 384611                     /usr/lib/jvm/java-11-openjdk-amd64/lib/server/libjvm.so
7efec63ae000-7efec63e8000 rw-p 01195000 fc:01 384611                     /usr/lib/jvm/java-11-openjdk-amd64/lib/server/libjvm.so
7efec63e8000-7efec643e000 rw-p 00000000 00:00 0 
7efec643e000-7efec6458000 r-xp 00000000 fc:01 1148                       /lib/x86_64-linux-gnu/libpthread-2.27.so
7efec6458000-7efec6657000 ---p 0001a000 fc:01 1148                       /lib/x86_64-linux-gnu/libpthread-2.27.so
7efec6657000-7efec6658000 r--p 00019000 fc:01 1148                       /lib/x86_64-linux-gnu/libpthread-2.27.so
7efec6658000-7efec6659000 rw-p 0001a000 fc:01 1148                       /lib/x86_64-linux-gnu/libpthread-2.27.so
7efec6659000-7efec665d000 rw-p 00000000 00:00 0 
7efec665d000-7efec6660000 r-xp 00000000 fc:01 1078                       /lib/x86_64-linux-gnu/libdl-2.27.so
7efec6660000-7efec685f000 ---p 00003000 fc:01 1078                       /lib/x86_64-linux-gnu/libdl-2.27.so
7efec685f000-7efec6860000 r--p 00002000 fc:01 1078                       /lib/x86_64-linux-gnu/libdl-2.27.so
7efec6860000-7efec6861000 rw-p 00003000 fc:01 1078                       /lib/x86_64-linux-gnu/libdl-2.27.so
7efec6861000-7efec687d000 r-xp 00000000 fc:01 1179                       /lib/x86_64-linux-gnu/libz.so.1.2.11
7efec687d000-7efec6a7c000 ---p 0001c000 fc:01 1179                       /lib/x86_64-linux-gnu/libz.so.1.2.11
7efec6a7c000-7efec6a7d000 r--p 0001b000 fc:01 1179                       /lib/x86_64-linux-gnu/libz.so.1.2.11
7efec6a7d000-7efec6a7e000 rw-p 0001c000 fc:01 1179                       /lib/x86_64-linux-gnu/libz.so.1.2.11
7efec6a7e000-7efec6c65000 r-xp 00000000 fc:01 1061                       /lib/x86_64-linux-gnu/libc-2.27.so
7efec6c65000-7efec6e65000 ---p 001e7000 fc:01 1061                       /lib/x86_64-linux-gnu/libc-2.27.so
7efec6e65000-7efec6e69000 r--p 001e7000 fc:01 1061                       /lib/x86_64-linux-gnu/libc-2.27.so
7efec6e69000-7efec6e6b000 rw-p 001eb000 fc:01 1061                       /lib/x86_64-linux-gnu/libc-2.27.so
7efec6e6b000-7efec6e6f000 rw-p 00000000 00:00 0 
7efec6e6f000-7efec6e7f000 r-xp 00000000 fc:01 384568                     /usr/lib/jvm/java-11-openjdk-amd64/lib/jli/libjli.so
7efec6e7f000-7efec707e000 ---p 00010000 fc:01 384568                     /usr/lib/jvm/java-11-openjdk-amd64/lib/jli/libjli.so
7efec707e000-7efec707f000 r--p 0000f000 fc:01 384568                     /usr/lib/jvm/java-11-openjdk-amd64/lib/jli/libjli.so
7efec707f000-7efec7080000 rw-p 00010000 fc:01 384568                     /usr/lib/jvm/java-11-openjdk-amd64/lib/jli/libjli.so
7efec7080000-7efec70a7000 r-xp 00000000 fc:01 1037                       /lib/x86_64-linux-gnu/ld-2.27.so
7efec7187000-7efec718c000 rw-p 00000000 00:00 0 
7efec718c000-7efec7193000 ---p 00000000 00:00 0 
7efec7193000-7efec719b000 rw-s 00000000 fc:01 385001                     /tmp/hsperfdata_root/6885
7efec719b000-7efec719f000 ---p 00000000 00:00 0 
7efec719f000-7efec729e000 rw-p 00000000 00:00 0 
7efec72a3000-7efec72a4000 ---p 00000000 00:00 0 
7efec72a4000-7efec72a5000 r--p 00000000 00:00 0 
7efec72a5000-7efec72a7000 rw-p 00000000 00:00 0 
7efec72a7000-7efec72a8000 r--p 00027000 fc:01 1037                       /lib/x86_64-linux-gnu/ld-2.27.so
7efec72a8000-7efec72a9000 rw-p 00028000 fc:01 1037                       /lib/x86_64-linux-gnu/ld-2.27.so
7efec72a9000-7efec72aa000 rw-p 00000000 00:00 0 
7ffffa908000-7ffffa929000 rw-p 00000000 00:00 0                          [stack]
7ffffa936000-7ffffa939000 r--p 00000000 00:00 0                          [vvar]
7ffffa939000-7ffffa93b000 r-xp 00000000 00:00 0                          [vdso]
ffffffffff600000-ffffffffff601000 r-xp 00000000 00:00 0                  [vsyscall]


VM Arguments:
jvm_args: -Xms1G -Xmx1G -XX:+UseConcMarkSweepGC 
java_command: spigot-1.14.4.jar
java_class_path (initial): spigot-1.14.4.jar
Launcher Type: SUN_STANDARD

[Global flags]
     intx CICompilerCount                          = 2                                         {product} {ergonomic}
   size_t InitialHeapSize                          = 1073741824                                {product} {command line}
   size_t MaxHeapSize                              = 1073741824                                {product} {command line}
   size_t MaxNewSize                               = 87228416                                  {product} {ergonomic}
    uintx MaxTenuringThreshold                     = 6                                         {product} {ergonomic}
   size_t MinHeapDeltaBytes                        = 196608                                    {product} {ergonomic}
   size_t NewSize                                  = 87228416                                  {product} {ergonomic}
    uintx NonNMethodCodeHeapSize                   = 5825164                                {pd product} {ergonomic}
    uintx NonProfiledCodeHeapSize                  = 122916538                              {pd product} {ergonomic}
   size_t OldSize                                  = 986513408                                 {product} {ergonomic}
    uintx ProfiledCodeHeapSize                     = 122916538                              {pd product} {ergonomic}
    uintx ReservedCodeCacheSize                    = 251658240                              {pd product} {ergonomic}
     bool SegmentedCodeCache                       = true                                      {product} {ergonomic}
     bool UseCompressedClassPointers               = true                                 {lp64_product} {ergonomic}
     bool UseCompressedOops                        = true                                 {lp64_product} {ergonomic}
     bool UseConcMarkSweepGC                       = true                                      {product} {command line}

Logging:
Log output configuration:
 #0: stdout all=warning uptime,level,tags
 #1: stderr all=off uptime,level,tags

Environment Variables:
PATH=/usr/local/sbin:/usr/local/bin:/usr/sbin:/usr/bin:/sbin:/bin:/usr/games:/usr/local/games:/snap/bin
SHELL=/bin/bash

Signal Handlers:
SIGSEGV: [libjvm.so+0xdf1470], sa_mask[0]=11111111011111111101111111111110, sa_flags=SA_RESTART|SA_SIGINFO
SIGBUS: [libjvm.so+0xdf1470], sa_mask[0]=11111111011111111101111111111110, sa_flags=SA_RESTART|SA_SIGINFO
SIGFPE: [libjvm.so+0xdf1470], sa_mask[0]=11111111011111111101111111111110, sa_flags=SA_RESTART|SA_SIGINFO
SIGPIPE: [libjvm.so+0xbc5560], sa_mask[0]=11111111011111111101111111111110, sa_flags=SA_RESTART|SA_SIGINFO
SIGXFSZ: [libjvm.so+0xbc5560], sa_mask[0]=11111111011111111101111111111110, sa_flags=SA_RESTART|SA_SIGINFO
SIGILL: [libjvm.so+0xdf1470], sa_mask[0]=11111111011111111101111111111110, sa_flags=SA_RESTART|SA_SIGINFO
SIGUSR2: [libjvm.so+0xbc5400], sa_mask[0]=00000000000000000000000000000000, sa_flags=SA_RESTART|SA_SIGINFO
SIGHUP: SIG_DFL, sa_mask[0]=00000000000000000000000000000000, sa_flags=none
SIGINT: SIG_DFL, sa_mask[0]=00000000000000000000000000000000, sa_flags=none
SIGTERM: SIG_DFL, sa_mask[0]=00000000000000000000000000000000, sa_flags=none
SIGQUIT: SIG_DFL, sa_mask[0]=00000000000000000000000000000000, sa_flags=none


---------------  S Y S T E M  ---------------

OS:DISTRIB_ID=Ubuntu
DISTRIB_RELEASE=18.04
DISTRIB_CODENAME=bionic
DISTRIB_DESCRIPTION="Ubuntu 18.04.2 LTS"
uname:Linux 4.15.0-36-generic #39-Ubuntu SMP Mon Sep 24 16:19:09 UTC 2018 x86_64
libc:glibc 2.27 NPTL 2.27 
rlimit: STACK 8192k, CORE 0k, NPROC 3701, NOFILE 1048576, AS infinity, DATA infinity, FSIZE infinity
load average:1.01 1.00 0.84

/proc/meminfo:
MemTotal:        1009040 kB
MemFree:           67480 kB
MemAvailable:      57044 kB
Buffers:            8184 kB
Cached:            92568 kB
SwapCached:        91856 kB
Active:           426360 kB
Inactive:         411704 kB
Active(anon):     368552 kB
Inactive(anon):   368964 kB
Active(file):      57808 kB
Inactive(file):    42740 kB
Unevictable:           0 kB
Mlocked:               0 kB
SwapTotal:       1048572 kB
SwapFree:         258812 kB
Dirty:               100 kB
Writeback:             0 kB
AnonPages:        645796 kB
Mapped:            60160 kB
Shmem:               180 kB
Slab:              58480 kB
SReclaimable:      20992 kB
SUnreclaim:        37488 kB
KernelStack:        2764 kB
PageTables:        11908 kB
NFS_Unstable:          0 kB
Bounce:                0 kB
WritebackTmp:          0 kB
CommitLimit:     1553092 kB
Committed_AS:    2250388 kB
VmallocTotal:   34359738367 kB
VmallocUsed:           0 kB
VmallocChunk:          0 kB
HardwareCorrupted:     0 kB
AnonHugePages:         0 kB
ShmemHugePages:        0 kB
ShmemPmdMapped:        0 kB
CmaTotal:              0 kB
CmaFree:               0 kB
HugePages_Total:       0
HugePages_Free:        0
HugePages_Rsvd:        0
HugePages_Surp:        0
Hugepagesize:       2048 kB
DirectMap4k:      227184 kB
DirectMap2M:      821248 kB
DirectMap1G:           0 kB


/proc/sys/kernel/threads-max (system-wide limit on the number of threads):
7402


/proc/sys/vm/max_map_count (maximum number of memory map areas a process may have):
65530


/proc/sys/kernel/pid_max (system-wide limit on number of process identifiers):
32768



container (cgroup) information:
container_type: cgroupv1
cpu_cpuset_cpus: 0
cpu_memory_nodes: 0
active_processor_count: 1
cpu_quota: -1
cpu_period: 100000
cpu_shares: -1
memory_limit_in_bytes: -1
memory_and_swap_limit_in_bytes: -2
memory_soft_limit_in_bytes: -1
memory_usage_in_bytes: 794935296
memory_max_usage_in_bytes: 889106432

KVM virtualization detected
Steal ticks since vm start: 0
Steal ticks percentage since vm start:  0.000

CPU:total 1 (initial active 1) (1 cores per cpu, 1 threads per core) family 6 model 85 stepping 4, cmov, cx8, fxsr, mmx, sse, sse2, sse3, ssse3, sse4.1, sse4.2, popcnt, avx, avx2, aes, clmul, erms, rtm, lzcnt, tsc, bmi1, bmi2, fma
CPU Model and flags from /proc/cpuinfo:
model name	: Virtual CPU 82d9ed4018dd
flags		: fpu vme de pse tsc msr pae mce cx8 apic sep mtrr pge mca cmov pat pse36 clflush mmx fxsr sse sse2 syscall nx pdpe1gb rdtscp lm constant_tsc rep_good nopl xtopology cpuid pni pclmulqdq ssse3 fma cx16 pcid sse4_1 sse4_2 x2apic movbe popcnt tsc_deadline_timer aes xsave avx f16c rdrand hypervisor lahf_lm abm cpuid_fault invpcid_single pti fsgsbase bmi1 hle avx2 smep bmi2 erms invpcid rtm avx512f avx512dq clwb avx512cd avx512bw avx512vl xsaveopt arat

Memory: 4k page, physical 1009040k(67480k free), swap 1048572k(258812k free)

vm_info: OpenJDK 64-Bit Server VM (11.0.6+10-post-Ubuntu-1ubuntu118.04.1) for linux-amd64 JRE (11.0.6+10-post-Ubuntu-1ubuntu118.04.1), built on Jan 15 2020 15:14:00 by "unknown" with gcc 7.4.0

END.
